Determining if the pthread_create exist failed with the following output:
Change Dir: /home/bdi048/ws/SDK_depth_get_xinyu/zed_get_depth/build/CMakeFiles/CMakeTmp

Run Build Command:"/usr/bin/make" "cmTC_bfb0e/fast"
/usr/bin/make -f CMakeFiles/cmTC_bfb0e.dir/build.make CMakeFiles/cmTC_bfb0e.dir/build
make[1]: Entering directory '/home/bdi048/ws/SDK_depth_get_xinyu/zed_get_depth/build/CMakeFiles/CMakeTmp'
Building C object CMakeFiles/cmTC_bfb0e.dir/CheckSymbolExists.c.o
/usr/bin/cc   -fPIC    -o CMakeFiles/cmTC_bfb0e.dir/CheckSymbolExists.c.o   -c /home/bdi048/ws/SDK_depth_get_xinyu/zed_get_depth/build/CMakeFiles/CMakeTmp/CheckSymbolExists.c
Linking C executable cmTC_bfb0e
/usr/local/lib/python3.5/dist-packages/cmake/data/bin/cmake -E cmake_link_script CMakeFiles/cmTC_bfb0e.dir/link.txt --verbose=1
/usr/bin/cc -fPIC     -rdynamic CMakeFiles/cmTC_bfb0e.dir/CheckSymbolExists.c.o  -o cmTC_bfb0e 
CMakeFiles/cmTC_bfb0e.dir/CheckSymbolExists.c.o: In function `main':
CheckSymbolExists.c:(.text+0x1b): undefined reference to `pthread_create'
collect2: error: ld returned 1 exit status
CMakeFiles/cmTC_bfb0e.dir/build.make:86: recipe for target 'cmTC_bfb0e' failed
make[1]: *** [cmTC_bfb0e] Error 1
make[1]: Leaving directory '/home/bdi048/ws/SDK_depth_get_xinyu/zed_get_depth/build/CMakeFiles/CMakeTmp'
Makefile:121: recipe for target 'cmTC_bfb0e/fast' failed
make: *** [cmTC_bfb0e/fast] Error 2

File /home/bdi048/ws/SDK_depth_get_xinyu/zed_get_depth/build/CMakeFiles/CMakeTmp/CheckSymbolExists.c:
/* */
#include <pthread.h>

int main(int argc, char** argv)
{
  (void)argv;
#ifndef pthread_create
  return ((int*)(&pthread_create))[argc];
#else
  (void)argc;
  return 0;
#endif
}

Determining if the function pthread_create exists in the pthreads failed with the following output:
Change Dir: /home/bdi048/ws/SDK_depth_get_xinyu/zed_get_depth/build/CMakeFiles/CMakeTmp

Run Build Command:"/usr/bin/make" "cmTC_170fa/fast"
/usr/bin/make -f CMakeFiles/cmTC_170fa.dir/build.make CMakeFiles/cmTC_170fa.dir/build
make[1]: Entering directory '/home/bdi048/ws/SDK_depth_get_xinyu/zed_get_depth/build/CMakeFiles/CMakeTmp'
Building C object CMakeFiles/cmTC_170fa.dir/CheckFunctionExists.c.o
/usr/bin/cc   -fPIC -DCHECK_FUNCTION_EXISTS=pthread_create   -o CMakeFiles/cmTC_170fa.dir/CheckFunctionExists.c.o   -c /usr/local/lib/python3.5/dist-packages/cmake/data/share/cmake-3.13/Modules/CheckFunctionExists.c
Linking C executable cmTC_170fa
/usr/local/lib/python3.5/dist-packages/cmake/data/bin/cmake -E cmake_link_script CMakeFiles/cmTC_170fa.dir/link.txt --verbose=1
/usr/bin/cc -fPIC -DCHECK_FUNCTION_EXISTS=pthread_create    -rdynamic CMakeFiles/cmTC_170fa.dir/CheckFunctionExists.c.o  -o cmTC_170fa -lpthreads 
/usr/bin/ld: cannot find -lpthreads
collect2: error: ld returned 1 exit status
CMakeFiles/cmTC_170fa.dir/build.make:86: recipe for target 'cmTC_170fa' failed
make[1]: *** [cmTC_170fa] Error 1
make[1]: Leaving directory '/home/bdi048/ws/SDK_depth_get_xinyu/zed_get_depth/build/CMakeFiles/CMakeTmp'
Makefile:121: recipe for target 'cmTC_170fa/fast' failed
make: *** [cmTC_170fa/fast] Error 2


