Determining if the pthread_create exist failed with the following output:
Change Dir: /home/dzsb078/ws/SDK_capture/zed_capture_20181015/Stereo_ZED_raw_depth/build/CMakeFiles/CMakeTmp

Run Build Command:"/usr/bin/make" "cmTC_6b095/fast"
/usr/bin/make -f CMakeFiles/cmTC_6b095.dir/build.make CMakeFiles/cmTC_6b095.dir/build
make[1]: Entering directory '/home/dzsb078/ws/SDK_capture/zed_capture_20181015/Stereo_ZED_raw_depth/build/CMakeFiles/CMakeTmp'
Building C object CMakeFiles/cmTC_6b095.dir/CheckSymbolExists.c.o
/usr/bin/cc    -fPIC    -o CMakeFiles/cmTC_6b095.dir/CheckSymbolExists.c.o   -c /home/dzsb078/ws/SDK_capture/zed_capture_20181015/Stereo_ZED_raw_depth/build/CMakeFiles/CMakeTmp/CheckSymbolExists.c
Linking C executable cmTC_6b095
/usr/bin/cmake -E cmake_link_script CMakeFiles/cmTC_6b095.dir/link.txt --verbose=1
/usr/bin/cc  -fPIC     CMakeFiles/cmTC_6b095.dir/CheckSymbolExists.c.o  -o cmTC_6b095 -rdynamic 
CMakeFiles/cmTC_6b095.dir/CheckSymbolExists.c.o: In function `main':
CheckSymbolExists.c:(.text+0x1b): undefined reference to `pthread_create'
collect2: error: ld returned 1 exit status
CMakeFiles/cmTC_6b095.dir/build.make:97: recipe for target 'cmTC_6b095' failed
make[1]: *** [cmTC_6b095] Error 1
make[1]: Leaving directory '/home/dzsb078/ws/SDK_capture/zed_capture_20181015/Stereo_ZED_raw_depth/build/CMakeFiles/CMakeTmp'
Makefile:126: recipe for target 'cmTC_6b095/fast' failed
make: *** [cmTC_6b095/fast] Error 2

File /home/dzsb078/ws/SDK_capture/zed_capture_20181015/Stereo_ZED_raw_depth/build/CMakeFiles/CMakeTmp/CheckSymbolExists.c:
/* */
#include <pthread.h>

int main(int argc, char** argv)
{
  (void)argv;
#ifndef pthread_create
  return ((int*)(&pthread_create))[argc];
#else
  (void)argc;
  return 0;
#endif
}

Determining if the function pthread_create exists in the pthreads failed with the following output:
Change Dir: /home/dzsb078/ws/SDK_capture/zed_capture_20181015/Stereo_ZED_raw_depth/build/CMakeFiles/CMakeTmp

Run Build Command:"/usr/bin/make" "cmTC_ffab4/fast"
/usr/bin/make -f CMakeFiles/cmTC_ffab4.dir/build.make CMakeFiles/cmTC_ffab4.dir/build
make[1]: Entering directory '/home/dzsb078/ws/SDK_capture/zed_capture_20181015/Stereo_ZED_raw_depth/build/CMakeFiles/CMakeTmp'
Building C object CMakeFiles/cmTC_ffab4.dir/CheckFunctionExists.c.o
/usr/bin/cc    -fPIC -DCHECK_FUNCTION_EXISTS=pthread_create   -o CMakeFiles/cmTC_ffab4.dir/CheckFunctionExists.c.o   -c /usr/share/cmake-3.5/Modules/CheckFunctionExists.c
Linking C executable cmTC_ffab4
/usr/bin/cmake -E cmake_link_script CMakeFiles/cmTC_ffab4.dir/link.txt --verbose=1
/usr/bin/cc  -fPIC -DCHECK_FUNCTION_EXISTS=pthread_create    CMakeFiles/cmTC_ffab4.dir/CheckFunctionExists.c.o  -o cmTC_ffab4 -rdynamic -lpthreads 
/usr/bin/ld: cannot find -lpthreads
collect2: error: ld returned 1 exit status
CMakeFiles/cmTC_ffab4.dir/build.make:97: recipe for target 'cmTC_ffab4' failed
make[1]: *** [cmTC_ffab4] Error 1
make[1]: Leaving directory '/home/dzsb078/ws/SDK_capture/zed_capture_20181015/Stereo_ZED_raw_depth/build/CMakeFiles/CMakeTmp'
Makefile:126: recipe for target 'cmTC_ffab4/fast' failed
make: *** [cmTC_ffab4/fast] Error 2


