Determining if the pthread_create exist failed with the following output:
Change Dir: /home/taolihao/catkin_lidar_camera/src/aruco_mapping/cmake-build-debug/CMakeFiles/CMakeTmp

Run Build Command:"/usr/bin/make" "cmTC_b57a6/fast"
/usr/bin/make -f CMakeFiles/cmTC_b57a6.dir/build.make CMakeFiles/cmTC_b57a6.dir/build
make[1]: Entering directory '/home/taolihao/catkin_lidar_camera/src/aruco_mapping/cmake-build-debug/CMakeFiles/CMakeTmp'
Building C object CMakeFiles/cmTC_b57a6.dir/CheckSymbolExists.c.o
/usr/bin/cc    -o CMakeFiles/cmTC_b57a6.dir/CheckSymbolExists.c.o   -c /home/taolihao/catkin_lidar_camera/src/aruco_mapping/cmake-build-debug/CMakeFiles/CMakeTmp/CheckSymbolExists.c
Linking C executable cmTC_b57a6
/home/taolihao/Downloads/clion-2019.1/bin/cmake/linux/bin/cmake -E cmake_link_script CMakeFiles/cmTC_b57a6.dir/link.txt --verbose=1
/usr/bin/cc      -rdynamic CMakeFiles/cmTC_b57a6.dir/CheckSymbolExists.c.o  -o cmTC_b57a6 
CMakeFiles/cmTC_b57a6.dir/CheckSymbolExists.c.o: In function `main':
CheckSymbolExists.c:(.text+0x16): undefined reference to `pthread_create'
collect2: error: ld returned 1 exit status
CMakeFiles/cmTC_b57a6.dir/build.make:86: recipe for target 'cmTC_b57a6' failed
make[1]: *** [cmTC_b57a6] Error 1
make[1]: Leaving directory '/home/taolihao/catkin_lidar_camera/src/aruco_mapping/cmake-build-debug/CMakeFiles/CMakeTmp'
Makefile:121: recipe for target 'cmTC_b57a6/fast' failed
make: *** [cmTC_b57a6/fast] Error 2

File /home/taolihao/catkin_lidar_camera/src/aruco_mapping/cmake-build-debug/CMakeFiles/CMakeTmp/CheckSymbolExists.c:
/* */
#include <pthread.h>

int main(int argc, char** argv)
{
  (void)argv;
#ifndef pthread_create
  return ((int*)(&pthread_create))[argc];
#else
  (void)argc;
  return 0;
#endif
}

Determining if the function pthread_create exists in the pthreads failed with the following output:
Change Dir: /home/taolihao/catkin_lidar_camera/src/aruco_mapping/cmake-build-debug/CMakeFiles/CMakeTmp

Run Build Command:"/usr/bin/make" "cmTC_929f6/fast"
/usr/bin/make -f CMakeFiles/cmTC_929f6.dir/build.make CMakeFiles/cmTC_929f6.dir/build
make[1]: Entering directory '/home/taolihao/catkin_lidar_camera/src/aruco_mapping/cmake-build-debug/CMakeFiles/CMakeTmp'
Building C object CMakeFiles/cmTC_929f6.dir/CheckFunctionExists.c.o
/usr/bin/cc   -DCHECK_FUNCTION_EXISTS=pthread_create   -o CMakeFiles/cmTC_929f6.dir/CheckFunctionExists.c.o   -c /home/taolihao/Downloads/clion-2019.1/bin/cmake/linux/share/cmake-3.13/Modules/CheckFunctionExists.c
Linking C executable cmTC_929f6
/home/taolihao/Downloads/clion-2019.1/bin/cmake/linux/bin/cmake -E cmake_link_script CMakeFiles/cmTC_929f6.dir/link.txt --verbose=1
/usr/bin/cc  -DCHECK_FUNCTION_EXISTS=pthread_create    -rdynamic CMakeFiles/cmTC_929f6.dir/CheckFunctionExists.c.o  -o cmTC_929f6 -lpthreads 
/usr/bin/ld: cannot find -lpthreads
collect2: error: ld returned 1 exit status
CMakeFiles/cmTC_929f6.dir/build.make:86: recipe for target 'cmTC_929f6' failed
make[1]: *** [cmTC_929f6] Error 1
make[1]: Leaving directory '/home/taolihao/catkin_lidar_camera/src/aruco_mapping/cmake-build-debug/CMakeFiles/CMakeTmp'
Makefile:121: recipe for target 'cmTC_929f6/fast' failed
make: *** [cmTC_929f6/fast] Error 2


