Determining if the pthread_create exist failed with the following output:
Change Dir: /home/dzsb078/ws/SDK_capture/LeadsenseCapture_raw/src/build/CMakeFiles/CMakeTmp

Run Build Command:"/usr/bin/make" "cmTC_7b81e/fast"
/usr/bin/make -f CMakeFiles/cmTC_7b81e.dir/build.make CMakeFiles/cmTC_7b81e.dir/build
make[1]: Entering directory '/home/dzsb078/ws/SDK_capture/LeadsenseCapture_raw/src/build/CMakeFiles/CMakeTmp'
Building C object CMakeFiles/cmTC_7b81e.dir/CheckSymbolExists.c.o
/usr/bin/cc     -o CMakeFiles/cmTC_7b81e.dir/CheckSymbolExists.c.o   -c /home/dzsb078/ws/SDK_capture/LeadsenseCapture_raw/src/build/CMakeFiles/CMakeTmp/CheckSymbolExists.c
Linking C executable cmTC_7b81e
/usr/bin/cmake -E cmake_link_script CMakeFiles/cmTC_7b81e.dir/link.txt --verbose=1
/usr/bin/cc       CMakeFiles/cmTC_7b81e.dir/CheckSymbolExists.c.o  -o cmTC_7b81e -rdynamic 
CMakeFiles/cmTC_7b81e.dir/CheckSymbolExists.c.o: In function `main':
CheckSymbolExists.c:(.text+0x16): undefined reference to `pthread_create'
collect2: error: ld returned 1 exit status
CMakeFiles/cmTC_7b81e.dir/build.make:97: recipe for target 'cmTC_7b81e' failed
make[1]: *** [cmTC_7b81e] Error 1
make[1]: Leaving directory '/home/dzsb078/ws/SDK_capture/LeadsenseCapture_raw/src/build/CMakeFiles/CMakeTmp'
Makefile:126: recipe for target 'cmTC_7b81e/fast' failed
make: *** [cmTC_7b81e/fast] Error 2

File /home/dzsb078/ws/SDK_capture/LeadsenseCapture_raw/src/build/CMakeFiles/CMakeTmp/CheckSymbolExists.c:
/* */
#include <pthread.h>

int main(int argc, char** argv)
{
  (void)argv;
#ifndef pthread_create
  return ((int*)(&pthread_create))[argc];
#else
  (void)argc;
  return 0;
#endif
}

Determining if the function pthread_create exists in the pthreads failed with the following output:
Change Dir: /home/dzsb078/ws/SDK_capture/LeadsenseCapture_raw/src/build/CMakeFiles/CMakeTmp

Run Build Command:"/usr/bin/make" "cmTC_c681a/fast"
/usr/bin/make -f CMakeFiles/cmTC_c681a.dir/build.make CMakeFiles/cmTC_c681a.dir/build
make[1]: Entering directory '/home/dzsb078/ws/SDK_capture/LeadsenseCapture_raw/src/build/CMakeFiles/CMakeTmp'
Building C object CMakeFiles/cmTC_c681a.dir/CheckFunctionExists.c.o
/usr/bin/cc    -DCHECK_FUNCTION_EXISTS=pthread_create   -o CMakeFiles/cmTC_c681a.dir/CheckFunctionExists.c.o   -c /usr/share/cmake-3.5/Modules/CheckFunctionExists.c
Linking C executable cmTC_c681a
/usr/bin/cmake -E cmake_link_script CMakeFiles/cmTC_c681a.dir/link.txt --verbose=1
/usr/bin/cc   -DCHECK_FUNCTION_EXISTS=pthread_create    CMakeFiles/cmTC_c681a.dir/CheckFunctionExists.c.o  -o cmTC_c681a -rdynamic -lpthreads 
/usr/bin/ld: cannot find -lpthreads
collect2: error: ld returned 1 exit status
CMakeFiles/cmTC_c681a.dir/build.make:97: recipe for target 'cmTC_c681a' failed
make[1]: *** [cmTC_c681a] Error 1
make[1]: Leaving directory '/home/dzsb078/ws/SDK_capture/LeadsenseCapture_raw/src/build/CMakeFiles/CMakeTmp'
Makefile:126: recipe for target 'cmTC_c681a/fast' failed
make: *** [cmTC_c681a/fast] Error 2


