Determining if the pthread_create exist failed with the following output:
Change Dir: /home/dzsb078/ws/SDK_capture/LeadsenseCapture/src/build/CMakeFiles/CMakeTmp

Run Build Command:"/usr/bin/make" "cmTC_6f8f7/fast"
/usr/bin/make -f CMakeFiles/cmTC_6f8f7.dir/build.make CMakeFiles/cmTC_6f8f7.dir/build
make[1]: Entering directory '/home/dzsb078/ws/SDK_capture/LeadsenseCapture/src/build/CMakeFiles/CMakeTmp'
Building C object CMakeFiles/cmTC_6f8f7.dir/CheckSymbolExists.c.o
/usr/bin/cc     -o CMakeFiles/cmTC_6f8f7.dir/CheckSymbolExists.c.o   -c /home/dzsb078/ws/SDK_capture/LeadsenseCapture/src/build/CMakeFiles/CMakeTmp/CheckSymbolExists.c
Linking C executable cmTC_6f8f7
/usr/bin/cmake -E cmake_link_script CMakeFiles/cmTC_6f8f7.dir/link.txt --verbose=1
/usr/bin/cc       CMakeFiles/cmTC_6f8f7.dir/CheckSymbolExists.c.o  -o cmTC_6f8f7 -rdynamic 
CMakeFiles/cmTC_6f8f7.dir/CheckSymbolExists.c.o: In function `main':
CheckSymbolExists.c:(.text+0x16): undefined reference to `pthread_create'
collect2: error: ld returned 1 exit status
CMakeFiles/cmTC_6f8f7.dir/build.make:97: recipe for target 'cmTC_6f8f7' failed
make[1]: *** [cmTC_6f8f7] Error 1
make[1]: Leaving directory '/home/dzsb078/ws/SDK_capture/LeadsenseCapture/src/build/CMakeFiles/CMakeTmp'
Makefile:126: recipe for target 'cmTC_6f8f7/fast' failed
make: *** [cmTC_6f8f7/fast] Error 2

File /home/dzsb078/ws/SDK_capture/LeadsenseCapture/src/build/CMakeFiles/CMakeTmp/CheckSymbolExists.c:
/* */
#include <pthread.h>

int main(int argc, char** argv)
{
  (void)argv;
#ifndef pthread_create
  return ((int*)(&pthread_create))[argc];
#else
  (void)argc;
  return 0;
#endif
}

Determining if the function pthread_create exists in the pthreads failed with the following output:
Change Dir: /home/dzsb078/ws/SDK_capture/LeadsenseCapture/src/build/CMakeFiles/CMakeTmp

Run Build Command:"/usr/bin/make" "cmTC_037ea/fast"
/usr/bin/make -f CMakeFiles/cmTC_037ea.dir/build.make CMakeFiles/cmTC_037ea.dir/build
make[1]: Entering directory '/home/dzsb078/ws/SDK_capture/LeadsenseCapture/src/build/CMakeFiles/CMakeTmp'
Building C object CMakeFiles/cmTC_037ea.dir/CheckFunctionExists.c.o
/usr/bin/cc    -DCHECK_FUNCTION_EXISTS=pthread_create   -o CMakeFiles/cmTC_037ea.dir/CheckFunctionExists.c.o   -c /usr/share/cmake-3.5/Modules/CheckFunctionExists.c
Linking C executable cmTC_037ea
/usr/bin/cmake -E cmake_link_script CMakeFiles/cmTC_037ea.dir/link.txt --verbose=1
/usr/bin/cc   -DCHECK_FUNCTION_EXISTS=pthread_create    CMakeFiles/cmTC_037ea.dir/CheckFunctionExists.c.o  -o cmTC_037ea -rdynamic -lpthreads 
/usr/bin/ld: cannot find -lpthreads
collect2: error: ld returned 1 exit status
CMakeFiles/cmTC_037ea.dir/build.make:97: recipe for target 'cmTC_037ea' failed
make[1]: *** [cmTC_037ea] Error 1
make[1]: Leaving directory '/home/dzsb078/ws/SDK_capture/LeadsenseCapture/src/build/CMakeFiles/CMakeTmp'
Makefile:126: recipe for target 'cmTC_037ea/fast' failed
make: *** [cmTC_037ea/fast] Error 2


