Determining if the pthread_create exist failed with the following output:
Change Dir: /home/dzsb078/ws/SDK_capture/zed_capture_20181015/Stereo_ZED/build/CMakeFiles/CMakeTmp

Run Build Command:"/usr/bin/make" "cmTC_2797b/fast"
/usr/bin/make -f CMakeFiles/cmTC_2797b.dir/build.make CMakeFiles/cmTC_2797b.dir/build
make[1]: Entering directory '/home/dzsb078/ws/SDK_capture/zed_capture_20181015/Stereo_ZED/build/CMakeFiles/CMakeTmp'
Building C object CMakeFiles/cmTC_2797b.dir/CheckSymbolExists.c.o
/usr/bin/cc    -fPIC    -o CMakeFiles/cmTC_2797b.dir/CheckSymbolExists.c.o   -c /home/dzsb078/ws/SDK_capture/zed_capture_20181015/Stereo_ZED/build/CMakeFiles/CMakeTmp/CheckSymbolExists.c
Linking C executable cmTC_2797b
/usr/bin/cmake -E cmake_link_script CMakeFiles/cmTC_2797b.dir/link.txt --verbose=1
/usr/bin/cc  -fPIC     CMakeFiles/cmTC_2797b.dir/CheckSymbolExists.c.o  -o cmTC_2797b -rdynamic 
CMakeFiles/cmTC_2797b.dir/CheckSymbolExists.c.o: In function `main':
CheckSymbolExists.c:(.text+0x1b): undefined reference to `pthread_create'
collect2: error: ld returned 1 exit status
CMakeFiles/cmTC_2797b.dir/build.make:97: recipe for target 'cmTC_2797b' failed
make[1]: *** [cmTC_2797b] Error 1
make[1]: Leaving directory '/home/dzsb078/ws/SDK_capture/zed_capture_20181015/Stereo_ZED/build/CMakeFiles/CMakeTmp'
Makefile:126: recipe for target 'cmTC_2797b/fast' failed
make: *** [cmTC_2797b/fast] Error 2

File /home/dzsb078/ws/SDK_capture/zed_capture_20181015/Stereo_ZED/build/CMakeFiles/CMakeTmp/CheckSymbolExists.c:
/* */
#include <pthread.h>

int main(int argc, char** argv)
{
  (void)argv;
#ifndef pthread_create
  return ((int*)(&pthread_create))[argc];
#else
  (void)argc;
  return 0;
#endif
}

Determining if the function pthread_create exists in the pthreads failed with the following output:
Change Dir: /home/dzsb078/ws/SDK_capture/zed_capture_20181015/Stereo_ZED/build/CMakeFiles/CMakeTmp

Run Build Command:"/usr/bin/make" "cmTC_f541a/fast"
/usr/bin/make -f CMakeFiles/cmTC_f541a.dir/build.make CMakeFiles/cmTC_f541a.dir/build
make[1]: Entering directory '/home/dzsb078/ws/SDK_capture/zed_capture_20181015/Stereo_ZED/build/CMakeFiles/CMakeTmp'
Building C object CMakeFiles/cmTC_f541a.dir/CheckFunctionExists.c.o
/usr/bin/cc    -fPIC -DCHECK_FUNCTION_EXISTS=pthread_create   -o CMakeFiles/cmTC_f541a.dir/CheckFunctionExists.c.o   -c /usr/share/cmake-3.5/Modules/CheckFunctionExists.c
Linking C executable cmTC_f541a
/usr/bin/cmake -E cmake_link_script CMakeFiles/cmTC_f541a.dir/link.txt --verbose=1
/usr/bin/cc  -fPIC -DCHECK_FUNCTION_EXISTS=pthread_create    CMakeFiles/cmTC_f541a.dir/CheckFunctionExists.c.o  -o cmTC_f541a -rdynamic -lpthreads 
/usr/bin/ld: cannot find -lpthreads
collect2: error: ld returned 1 exit status
CMakeFiles/cmTC_f541a.dir/build.make:97: recipe for target 'cmTC_f541a' failed
make[1]: *** [cmTC_f541a] Error 1
make[1]: Leaving directory '/home/dzsb078/ws/SDK_capture/zed_capture_20181015/Stereo_ZED/build/CMakeFiles/CMakeTmp'
Makefile:126: recipe for target 'cmTC_f541a/fast' failed
make: *** [cmTC_f541a/fast] Error 2


