Determining if the pthread_create exist failed with the following output:
Change Dir: /home/taolihao/catkin_lidar_camera/src/lidar_camera_calibration-master/cmake-build-debug/CMakeFiles/CMakeTmp

Run Build Command:"/usr/bin/make" "cmTC_f035f/fast"
/usr/bin/make -f CMakeFiles/cmTC_f035f.dir/build.make CMakeFiles/cmTC_f035f.dir/build
make[1]: Entering directory '/home/taolihao/catkin_lidar_camera/src/lidar_camera_calibration-master/cmake-build-debug/CMakeFiles/CMakeTmp'
Building C object CMakeFiles/cmTC_f035f.dir/CheckSymbolExists.c.o
/usr/bin/cc    -o CMakeFiles/cmTC_f035f.dir/CheckSymbolExists.c.o   -c /home/taolihao/catkin_lidar_camera/src/lidar_camera_calibration-master/cmake-build-debug/CMakeFiles/CMakeTmp/CheckSymbolExists.c
Linking C executable cmTC_f035f
/home/taolihao/Downloads/clion-2019.1/bin/cmake/linux/bin/cmake -E cmake_link_script CMakeFiles/cmTC_f035f.dir/link.txt --verbose=1
/usr/bin/cc      -rdynamic CMakeFiles/cmTC_f035f.dir/CheckSymbolExists.c.o  -o cmTC_f035f 
CMakeFiles/cmTC_f035f.dir/CheckSymbolExists.c.o: In function `main':
CheckSymbolExists.c:(.text+0x16): undefined reference to `pthread_create'
collect2: error: ld returned 1 exit status
CMakeFiles/cmTC_f035f.dir/build.make:86: recipe for target 'cmTC_f035f' failed
make[1]: *** [cmTC_f035f] Error 1
make[1]: Leaving directory '/home/taolihao/catkin_lidar_camera/src/lidar_camera_calibration-master/cmake-build-debug/CMakeFiles/CMakeTmp'
Makefile:121: recipe for target 'cmTC_f035f/fast' failed
make: *** [cmTC_f035f/fast] Error 2

File /home/taolihao/catkin_lidar_camera/src/lidar_camera_calibration-master/cmake-build-debug/CMakeFiles/CMakeTmp/CheckSymbolExists.c:
/* */
#include <pthread.h>

int main(int argc, char** argv)
{
  (void)argv;
#ifndef pthread_create
  return ((int*)(&pthread_create))[argc];
#else
  (void)argc;
  return 0;
#endif
}

Determining if the function pthread_create exists in the pthreads failed with the following output:
Change Dir: /home/taolihao/catkin_lidar_camera/src/lidar_camera_calibration-master/cmake-build-debug/CMakeFiles/CMakeTmp

Run Build Command:"/usr/bin/make" "cmTC_2fd2e/fast"
/usr/bin/make -f CMakeFiles/cmTC_2fd2e.dir/build.make CMakeFiles/cmTC_2fd2e.dir/build
make[1]: Entering directory '/home/taolihao/catkin_lidar_camera/src/lidar_camera_calibration-master/cmake-build-debug/CMakeFiles/CMakeTmp'
Building C object CMakeFiles/cmTC_2fd2e.dir/CheckFunctionExists.c.o
/usr/bin/cc   -DCHECK_FUNCTION_EXISTS=pthread_create   -o CMakeFiles/cmTC_2fd2e.dir/CheckFunctionExists.c.o   -c /home/taolihao/Downloads/clion-2019.1/bin/cmake/linux/share/cmake-3.13/Modules/CheckFunctionExists.c
Linking C executable cmTC_2fd2e
/home/taolihao/Downloads/clion-2019.1/bin/cmake/linux/bin/cmake -E cmake_link_script CMakeFiles/cmTC_2fd2e.dir/link.txt --verbose=1
/usr/bin/cc  -DCHECK_FUNCTION_EXISTS=pthread_create    -rdynamic CMakeFiles/cmTC_2fd2e.dir/CheckFunctionExists.c.o  -o cmTC_2fd2e -lpthreads 
/usr/bin/ld: cannot find -lpthreads
collect2: error: ld returned 1 exit status
CMakeFiles/cmTC_2fd2e.dir/build.make:86: recipe for target 'cmTC_2fd2e' failed
make[1]: *** [cmTC_2fd2e] Error 1
make[1]: Leaving directory '/home/taolihao/catkin_lidar_camera/src/lidar_camera_calibration-master/cmake-build-debug/CMakeFiles/CMakeTmp'
Makefile:121: recipe for target 'cmTC_2fd2e/fast' failed
make: *** [cmTC_2fd2e/fast] Error 2


